<?xml version="1.0" encoding="UTF-8"?>
<!-- Generated by org.testng.reporters.JUnitReportReporter -->
<testsuite skipped="0" hostname="JANVI-PC" name="com.virgingames.testsuite.VirginLogin" tests="1" failures="0" timestamp="25 Nov 2019 00:46:23 GMT" time="23.803" errors="0">
  <testcase name="userShouldAbleToSeeErrorMesaageWithInvalidCredentialsInput" time="23.803" classname="com.virgingames.testsuite.VirginLogin"/>
</testsuite> <!-- com.virgingames.testsuite.VirginLogin -->
